<?xml version="1.0" encoding="UTF-8"?>
<testsuite name="GameTest" tests="1" skipped="0" failures="0" errors="0" timestamp="2023-04-01T04:10:10" hostname="LAPTOP-OULHN4UM" time="0.026">
  <properties/>
  <testcase name="gameTests()" classname="GameTest" time="0.026"/>
  <system-out><![CDATA[Testing Game
Game Board:
**************************************************************************
Col :       0        1        2        3        4        5        6        7        
Row : 0   -------  -------  -------  -------  -------  -------  -------  -------  
Row : 1   -------  -------  -------  -------  -------  -------  -Blu T-  -------  
Row : 2   -------  -------  -------  -------  -------  -------  -------  -------  
Row : 3   -Blu B-  -------  -------  -------  -------  -------  -------  -------  
Row : 4   -------  -------  -------  -------  -------  -------  -------  -------  
Row : 5   -------  -------  -Red T-  -------  -------  -------  -------  -------  
Row : 6   -------  -------  -------  -------  -------  -------  -------  -------  
Row : 7   -------  -------  -Red B-  -------  -------  -------  -------  -------  
**************************************************************************
Team Blu Units : 
Blu T   Blu B   
**************************************************************************
Team Red Units : 
Red T   Red B   
**************************************************************************
It is Player 0's (Blu's) turn

]]></system-out>
  <system-err><![CDATA[]]></system-err>
</testsuite>
