<?xml version="1.0" encoding="UTF-8"?>
<testsuite name="TeamTest" tests="1" skipped="0" failures="0" errors="0" timestamp="2023-03-31T03:41:15" hostname="LAPTOP-OULHN4UM" time="0.021">
  <properties/>
  <testcase name="getTeamName()" classname="TeamTest" time="0.021"/>
  <system-out><![CDATA[Testing Team class
Team Blu Units : 
Unknown T   
Team Red Units : 
Red B   
]]></system-out>
  <system-err><![CDATA[]]></system-err>
</testsuite>
